<?xml version="1.0" encoding="UTF-8"?>
<testsuite xmlns:xsi="http://www.w3.org/2001/XMLSchema-instance" xsi:noNamespaceSchemaLocation="https://maven.apache.org/surefire/maven-surefire-plugin/xsd/surefire-test-report.xsd" name="main.ParseCsvTest" time="1.33" tests="5" errors="0" skipped="0" failures="0">
  <properties>
[...]
</properties>
  <testcase name="toJsonFile" classname="main.ParseCsvTest" time="0.051"/>
  <testcase name="toJsonFileWithList" classname="main.ParseCsvTest" time="0.005"/>
  <testcase name="secondMethodParse" classname="main.ParseCsvTest" time="0.011"/>
  <testcase name="thirdMethodParse" classname="main.ParseCsvTest" time="0.002"/>
  <testcase name="firstMethodParse" classname="main.ParseCsvTest" time="0.002"/>
</testsuite>